  [4;36;1mSQL (0.0ms)[0m   [0;1mSET NAMES 'utf8'[0m
  [4;35;1mSQL (0.0ms)[0m   [0mSET SQL_AUTO_IS_NULL=0[0m
  [4;36;1mSQL (1.0ms)[0m   [0;1mSHOW TABLES[0m
  [4;35;1mSQL (156.0ms)[0m   [0mCREATE TABLE `schema_migrations` (`version` varchar(255) NOT NULL) ENGINE=InnoDB[0m
  [4;36;1mSQL (15.0ms)[0m   [0;1mSHOW KEYS FROM `schema_migrations`[0m
  [4;35;1mSQL (52.0ms)[0m   [0mCREATE UNIQUE INDEX `unique_schema_migrations` ON `schema_migrations` (`version`)[0m
  [4;36;1mSQL (2.0ms)[0m   [0;1mSHOW TABLES[0m
  [4;35;1mSQL (0.0ms)[0m   [0mSELECT version FROM schema_migrations[0m
Migrating to CreateUsers (20100825195927)
  [4;36;1mSQL (34.0ms)[0m   [0;1mCREATE TABLE `users` (`id` int(11) DEFAULT NULL auto_increment PRIMARY KEY, `name` varchar(255), `user_name` varchar(255), `password` varchar(255), `mail_url` varchar(255), `banking_url` varchar(255), `map_center` varchar(255), `authority` int(11), `born_on` date, `last_login_at` datetime, `created_at` datetime, `updated_at` datetime) ENGINE=InnoDB[0m
  [4;35;1mSQL (2.0ms)[0m   [0mINSERT INTO schema_migrations (version) VALUES ('20100825195927')[0m
  [4;36;1mSQL (1.0ms)[0m   [0;1mSHOW TABLES[0m
  [4;35;1mSQL (0.0ms)[0m   [0mSELECT version FROM schema_migrations[0m
  [4;36;1mSQL (1.0ms)[0m   [0;1mSHOW TABLES[0m
  [4;35;1mSQL (2.0ms)[0m   [0mSHOW FIELDS FROM `users`[0m
  [4;36;1mSQL (3.0ms)[0m   [0;1mdescribe `users`[0m
  [4;35;1mSQL (1.0ms)[0m   [0mSHOW KEYS FROM `users`[0m
  [4;36;1mSQL (0.0ms)[0m   [0;1mSET NAMES 'utf8'[0m
  [4;35;1mSQL (0.0ms)[0m   [0mSET SQL_AUTO_IS_NULL=0[0m
  [4;36;1mUser Columns (3.0ms)[0m   [0;1mSHOW FIELDS FROM `users`[0m
  [4;35;1mSQL (0.0ms)[0m   [0mBEGIN[0m
  [4;36;1mUser Create (1.0ms)[0m   [0;1mINSERT INTO `users` (`name`, `mail_url`, `last_login_at`, `updated_at`, `banking_url`, `map_center`, `authority`, `user_name`, `password`, `born_on`, `created_at`) VALUES('adam', NULL, NULL, '2010-08-26 18:55:52', NULL, NULL, 1, 'adam', 'd3vteam', NULL, '2010-08-26 18:55:52')[0m
  [4;35;1mSQL (1.0ms)[0m   [0mCOMMIT[0m
  [4;36;1mSQL (0.0ms)[0m   [0;1mSET NAMES 'utf8'[0m
  [4;35;1mSQL (0.0ms)[0m   [0mSET SQL_AUTO_IS_NULL=0[0m


Processing UsersController#index (for 127.0.0.1 at 2010-08-26 11:59:18) [GET]
  [4;36;1mUser Load (0.0ms)[0m   [0;1mSELECT * FROM `users` [0m
Rendering template within layouts/users
Rendering users/index
  [4;35;1mUser Columns (2.0ms)[0m   [0mSHOW FIELDS FROM `users`[0m
Completed in 4987ms (View: 4977, DB: 2) | 200 OK [http://localhost/users]
  [4;36;1mSQL (0.0ms)[0m   [0;1mSET NAMES 'utf8'[0m
  [4;35;1mSQL (0.0ms)[0m   [0mSET SQL_AUTO_IS_NULL=0[0m


Processing UsersController#new (for 127.0.0.1 at 2010-08-26 11:59:51) [GET]
  [4;36;1mUser Columns (4.0ms)[0m   [0;1mSHOW FIELDS FROM `users`[0m
Rendering template within layouts/users
Rendering users/new
Completed in 23ms (View: 12, DB: 4) | 200 OK [http://localhost/users/new]
  [4;35;1mSQL (0.0ms)[0m   [0mSET NAMES 'utf8'[0m
  [4;36;1mSQL (0.0ms)[0m   [0;1mSET SQL_AUTO_IS_NULL=0[0m


Processing UsersController#index (for 127.0.0.1 at 2010-08-26 12:00:01) [GET]
  [4;35;1mUser Load (1.0ms)[0m   [0mSELECT * FROM `users` [0m
Rendering template within layouts/users
Rendering users/index
  [4;36;1mUser Columns (4.0ms)[0m   [0;1mSHOW FIELDS FROM `users`[0m
Completed in 17ms (View: 6, DB: 5) | 200 OK [http://localhost/users]
  [4;35;1mSQL (1.0ms)[0m   [0mSET NAMES 'utf8'[0m
  [4;36;1mSQL (0.0ms)[0m   [0;1mSET SQL_AUTO_IS_NULL=0[0m


Processing UsersController#index to xml (for 127.0.0.1 at 2010-08-26 12:04:27) [GET]
  [4;35;1mUser Load (0.0ms)[0m   [0mSELECT * FROM `users` [0m
  [4;36;1mUser Columns (3.0ms)[0m   [0;1mSHOW FIELDS FROM `users`[0m
Completed in 34ms (View: 25, DB: 4) | 200 OK [http://localhost/users.xml]
  [4;35;1mSQL (0.0ms)[0m   [0mSET NAMES 'utf8'[0m
  [4;36;1mSQL (0.0ms)[0m   [0;1mSET SQL_AUTO_IS_NULL=0[0m


Processing UsersController#index (for 127.0.0.1 at 2010-08-26 15:45:40) [GET]
  [4;35;1mUser Load (1.0ms)[0m   [0mSELECT * FROM `users` [0m
Rendering template within layouts/users
Rendering users/index
  [4;36;1mUser Columns (3.0ms)[0m   [0;1mSHOW FIELDS FROM `users`[0m
Completed in 16ms (View: 5, DB: 4) | 200 OK [http://localhost/users]
  [4;35;1mSQL (0.0ms)[0m   [0mSET NAMES 'utf8'[0m
  [4;36;1mSQL (0.0ms)[0m   [0;1mSET SQL_AUTO_IS_NULL=0[0m


Processing UsersController#new (for 127.0.0.1 at 2010-08-26 15:45:44) [GET]
  [4;35;1mUser Columns (4.0ms)[0m   [0mSHOW FIELDS FROM `users`[0m
Rendering template within layouts/users
Rendering users/new

ActionView::TemplateError (undefined method `name_name' for #<User:0x9016a40>) on line #12 of app/views/users/new.html.erb:
9:   </p>
10:   <p>
11:     <%= f.label :name_name, "user name" %><br />
12:     <%= f.text_field :name_name %>
13:   </p>
14:   <p>
15:     <%= f.label :password %><br />

    app/views/users/new.html.erb:12
    app/views/users/new.html.erb:3
    app/controllers/users_controller.rb:29:in `new'
    C:/Ruby186/lib/ruby/1.8/webrick/httpserver.rb:104:in `service'
    C:/Ruby186/lib/ruby/1.8/webrick/httpserver.rb:65:in `run'
    C:/Ruby186/lib/ruby/1.8/webrick/server.rb:173:in `start_thread'
    C:/Ruby186/lib/ruby/1.8/webrick/server.rb:162:in `start'
    C:/Ruby186/lib/ruby/1.8/webrick/server.rb:162:in `start_thread'
    C:/Ruby186/lib/ruby/1.8/webrick/server.rb:95:in `start'
    C:/Ruby186/lib/ruby/1.8/webrick/server.rb:92:in `each'
    C:/Ruby186/lib/ruby/1.8/webrick/server.rb:92:in `start'
    C:/Ruby186/lib/ruby/1.8/webrick/server.rb:23:in `start'
    C:/Ruby186/lib/ruby/1.8/webrick/server.rb:82:in `start'

Rendered rescues/_trace (50.0ms)
Rendered rescues/_request_and_response (2.0ms)
Rendering rescues/layout (internal_server_error)
  [4;36;1mSQL (0.0ms)[0m   [0;1mSET NAMES 'utf8'[0m
  [4;35;1mSQL (0.0ms)[0m   [0mSET SQL_AUTO_IS_NULL=0[0m


Processing UsersController#new (for 127.0.0.1 at 2010-08-26 15:46:14) [GET]
  [4;36;1mUser Columns (2.0ms)[0m   [0;1mSHOW FIELDS FROM `users`[0m
Rendering template within layouts/users
Rendering users/new
Completed in 25ms (View: 15, DB: 2) | 200 OK [http://localhost/users/new]
  [4;35;1mSQL (0.0ms)[0m   [0mSET NAMES 'utf8'[0m
  [4;36;1mSQL (0.0ms)[0m   [0;1mSET SQL_AUTO_IS_NULL=0[0m


Processing UsersController#new (for 127.0.0.1 at 2010-08-26 15:46:36) [GET]
  [4;35;1mUser Columns (4.0ms)[0m   [0mSHOW FIELDS FROM `users`[0m
Rendering template within layouts/users
Rendering users/new
Completed in 28ms (View: 15, DB: 4) | 200 OK [http://localhost/users/new]
  [4;36;1mSQL (0.0ms)[0m   [0;1mSET NAMES 'utf8'[0m
  [4;35;1mSQL (0.0ms)[0m   [0mSET SQL_AUTO_IS_NULL=0[0m


Processing UsersController#create (for 127.0.0.1 at 2010-08-26 15:47:05) [POST]
  Parameters: {"user"=>{"name"=>"Josh", "password"=>"josh_pass", "user_name"=>"joshlawr"}, "commit"=>"Create", "authenticity_token"=>"I3hXb2Afnkjmp6rT5ahnTYVOzD92PzYqrAKT5OnmNoc="}
  [4;36;1mUser Columns (3.0ms)[0m   [0;1mSHOW FIELDS FROM `users`[0m
  [4;35;1mSQL (0.0ms)[0m   [0mBEGIN[0m
  [4;36;1mUser Create (1.0ms)[0m   [0;1mINSERT INTO `users` (`name`, `mail_url`, `last_login_at`, `updated_at`, `banking_url`, `map_center`, `authority`, `user_name`, `password`, `born_on`, `created_at`) VALUES('Josh', NULL, NULL, '2010-08-26 22:47:05', NULL, NULL, NULL, 'joshlawr', 'josh_pass', NULL, '2010-08-26 22:47:05')[0m
  [4;35;1mSQL (1.0ms)[0m   [0mCOMMIT[0m
Redirected to http://localhost:3000/users/2
Completed in 17ms (DB: 5) | 302 Found [http://localhost/users]
  [4;36;1mSQL (0.0ms)[0m   [0;1mSET NAMES 'utf8'[0m
  [4;35;1mSQL (0.0ms)[0m   [0mSET SQL_AUTO_IS_NULL=0[0m


Processing UsersController#show (for 127.0.0.1 at 2010-08-26 15:47:06) [GET]
  Parameters: {"id"=>"2"}
  [4;36;1mUser Columns (3.0ms)[0m   [0;1mSHOW FIELDS FROM `users`[0m
  [4;35;1mUser Load (2.0ms)[0m   [0mSELECT * FROM `users` WHERE (`users`.`id` = 2) [0m
Rendering template within layouts/users
Rendering users/show
Completed in 21ms (View: 8, DB: 5) | 200 OK [http://localhost/users/2]
  [4;36;1mSQL (0.0ms)[0m   [0;1mSET NAMES 'utf8'[0m
  [4;35;1mSQL (0.0ms)[0m   [0mSET SQL_AUTO_IS_NULL=0[0m


Processing UsersController#index (for 127.0.0.1 at 2010-08-26 16:12:29) [GET]
  [4;36;1mUser Load (1.0ms)[0m   [0;1mSELECT * FROM `users` [0m
Rendering template within layouts/users
Rendering users/index
  [4;35;1mUser Columns (6.0ms)[0m   [0mSHOW FIELDS FROM `users`[0m

ActionView::TemplateError (undefined method `username' for #<User:0x9002e98>) on line #7 of app/views/users/index.html.erb:
4:   <th><td>name</td><td>username</td><td>password</td></th>
5: 
6: <% @users.each do |user| %>
7:   <tr><td><%= user.name %></td><td><%= user.username %></td><td><%= user.password %></td></tr>
8:   <tr>
9:     <td><%= link_to 'Show', user %></td>
10:     <td><%= link_to 'Edit', edit_user_path(user) %></td>

    app/views/users/index.html.erb:7
    app/views/users/index.html.erb:6:in `each'
    app/views/users/index.html.erb:6
    app/controllers/users_controller.rb:7:in `index'
    C:/Ruby186/lib/ruby/1.8/webrick/httpserver.rb:104:in `service'
    C:/Ruby186/lib/ruby/1.8/webrick/httpserver.rb:65:in `run'
    C:/Ruby186/lib/ruby/1.8/webrick/server.rb:173:in `start_thread'
    C:/Ruby186/lib/ruby/1.8/webrick/server.rb:162:in `start'
    C:/Ruby186/lib/ruby/1.8/webrick/server.rb:162:in `start_thread'
    C:/Ruby186/lib/ruby/1.8/webrick/server.rb:95:in `start'
    C:/Ruby186/lib/ruby/1.8/webrick/server.rb:92:in `each'
    C:/Ruby186/lib/ruby/1.8/webrick/server.rb:92:in `start'
    C:/Ruby186/lib/ruby/1.8/webrick/server.rb:23:in `start'
    C:/Ruby186/lib/ruby/1.8/webrick/server.rb:82:in `start'

Rendered rescues/_trace (41.0ms)
Rendered rescues/_request_and_response (0.0ms)
Rendering rescues/layout (internal_server_error)
  [4;36;1mSQL (0.0ms)[0m   [0;1mSET NAMES 'utf8'[0m
  [4;35;1mSQL (0.0ms)[0m   [0mSET SQL_AUTO_IS_NULL=0[0m


Processing UsersController#index (for 127.0.0.1 at 2010-08-26 16:12:40) [GET]
  [4;36;1mUser Load (1.0ms)[0m   [0;1mSELECT * FROM `users` [0m
Rendering template within layouts/users
Rendering users/index
  [4;35;1mUser Columns (3.0ms)[0m   [0mSHOW FIELDS FROM `users`[0m
Completed in 21ms (View: 12, DB: 4) | 200 OK [http://localhost/users]
  [4;36;1mSQL (0.0ms)[0m   [0;1mSET NAMES 'utf8'[0m
  [4;35;1mSQL (0.0ms)[0m   [0mSET SQL_AUTO_IS_NULL=0[0m


Processing UsersController#index (for 127.0.0.1 at 2010-08-26 16:13:46) [GET]
  [4;36;1mUser Load (1.0ms)[0m   [0;1mSELECT * FROM `users` [0m
Rendering template within layouts/users
Rendering users/index
  [4;35;1mUser Columns (3.0ms)[0m   [0mSHOW FIELDS FROM `users`[0m
Completed in 24ms (View: 14, DB: 4) | 200 OK [http://localhost/users]
  [4;36;1mSQL (0.0ms)[0m   [0;1mSET NAMES 'utf8'[0m
  [4;35;1mSQL (0.0ms)[0m   [0mSET SQL_AUTO_IS_NULL=0[0m


Processing UsersController#index (for 127.0.0.1 at 2010-08-26 16:14:25) [GET]
  [4;36;1mUser Load (1.0ms)[0m   [0;1mSELECT * FROM `users` [0m
Rendering template within layouts/users
Rendering users/index
  [4;35;1mUser Columns (3.0ms)[0m   [0mSHOW FIELDS FROM `users`[0m
Completed in 70ms (View: 60, DB: 4) | 200 OK [http://localhost/users]
  [4;36;1mSQL (0.0ms)[0m   [0;1mSET NAMES 'utf8'[0m
  [4;35;1mSQL (1.0ms)[0m   [0mSET SQL_AUTO_IS_NULL=0[0m


Processing UsersController#new (for 127.0.0.1 at 2010-08-26 16:14:33) [GET]
  [4;36;1mUser Columns (4.0ms)[0m   [0;1mSHOW FIELDS FROM `users`[0m
Rendering template within layouts/users
Rendering users/new
Completed in 21ms (View: 10, DB: 5) | 200 OK [http://localhost/users/new]
  [4;35;1mSQL (0.0ms)[0m   [0mSET NAMES 'utf8'[0m
  [4;36;1mSQL (0.0ms)[0m   [0;1mSET SQL_AUTO_IS_NULL=0[0m


Processing UsersController#create (for 127.0.0.1 at 2010-08-26 16:14:50) [POST]
  Parameters: {"user"=>{"name"=>"quinn", "password"=>"quinn_pass", "user_name"=>"quinnlawr"}, "commit"=>"Create", "authenticity_token"=>"I3hXb2Afnkjmp6rT5ahnTYVOzD92PzYqrAKT5OnmNoc="}
  [4;35;1mUser Columns (2.0ms)[0m   [0mSHOW FIELDS FROM `users`[0m
  [4;36;1mSQL (0.0ms)[0m   [0;1mBEGIN[0m
  [4;35;1mUser Create (0.0ms)[0m   [0mINSERT INTO `users` (`name`, `mail_url`, `last_login_at`, `updated_at`, `banking_url`, `map_center`, `authority`, `user_name`, `password`, `born_on`, `created_at`) VALUES('quinn', NULL, NULL, '2010-08-26 23:14:50', NULL, NULL, NULL, 'quinnlawr', 'quinn_pass', NULL, '2010-08-26 23:14:50')[0m
  [4;36;1mSQL (1.0ms)[0m   [0;1mCOMMIT[0m
Redirected to http://localhost:3000/users/3
Completed in 14ms (DB: 3) | 302 Found [http://localhost/users]
  [4;35;1mSQL (0.0ms)[0m   [0mSET NAMES 'utf8'[0m
  [4;36;1mSQL (1.0ms)[0m   [0;1mSET SQL_AUTO_IS_NULL=0[0m


Processing UsersController#show (for 127.0.0.1 at 2010-08-26 16:14:51) [GET]
  Parameters: {"id"=>"3"}
  [4;35;1mUser Columns (3.0ms)[0m   [0mSHOW FIELDS FROM `users`[0m
  [4;36;1mUser Load (1.0ms)[0m   [0;1mSELECT * FROM `users` WHERE (`users`.`id` = 3) [0m
Rendering template within layouts/users
Rendering users/show
Completed in 14ms (View: 2, DB: 5) | 200 OK [http://localhost/users/3]
  [4;35;1mSQL (0.0ms)[0m   [0mSET NAMES 'utf8'[0m
  [4;36;1mSQL (0.0ms)[0m   [0;1mSET SQL_AUTO_IS_NULL=0[0m


Processing UsersController#index (for 127.0.0.1 at 2010-08-26 16:14:59) [GET]
  [4;35;1mUser Load (0.0ms)[0m   [0mSELECT * FROM `users` [0m
Rendering template within layouts/users
Rendering users/index
  [4;36;1mUser Columns (3.0ms)[0m   [0;1mSHOW FIELDS FROM `users`[0m
Completed in 19ms (View: 9, DB: 3) | 200 OK [http://localhost/users]
  [4;35;1mSQL (0.0ms)[0m   [0mSET NAMES 'utf8'[0m
  [4;36;1mSQL (0.0ms)[0m   [0;1mSET SQL_AUTO_IS_NULL=0[0m


Processing UsersController#show (for 127.0.0.1 at 2010-08-26 16:15:03) [GET]
  Parameters: {"id"=>"3"}
  [4;35;1mUser Columns (5.0ms)[0m   [0mSHOW FIELDS FROM `users`[0m
  [4;36;1mUser Load (2.0ms)[0m   [0;1mSELECT * FROM `users` WHERE (`users`.`id` = 3) [0m
Rendering template within layouts/users
Rendering users/show
Completed in 16ms (View: 2, DB: 7) | 200 OK [http://localhost/users/3]
  [4;35;1mSQL (0.0ms)[0m   [0mSET NAMES 'utf8'[0m
  [4;36;1mSQL (0.0ms)[0m   [0;1mSET SQL_AUTO_IS_NULL=0[0m


Processing UsersController#index (for 127.0.0.1 at 2010-08-26 16:15:06) [GET]
  [4;35;1mUser Load (0.0ms)[0m   [0mSELECT * FROM `users` [0m
Rendering template within layouts/users
Rendering users/index
  [4;36;1mUser Columns (3.0ms)[0m   [0;1mSHOW FIELDS FROM `users`[0m
Completed in 22ms (View: 12, DB: 3) | 200 OK [http://localhost/users]
  [4;35;1mSQL (0.0ms)[0m   [0mSET NAMES 'utf8'[0m
  [4;36;1mSQL (1.0ms)[0m   [0;1mSET SQL_AUTO_IS_NULL=0[0m


Processing UsersController#new (for 127.0.0.1 at 2010-08-26 16:16:48) [GET]
  [4;35;1mUser Columns (3.0ms)[0m   [0mSHOW FIELDS FROM `users`[0m
Rendering template within layouts/users
Rendering users/new
Completed in 21ms (View: 10, DB: 4) | 200 OK [http://localhost/users/new]
  [4;36;1mSQL (0.0ms)[0m   [0;1mSET NAMES 'utf8'[0m
  [4;35;1mSQL (0.0ms)[0m   [0mSET SQL_AUTO_IS_NULL=0[0m


Processing UsersController#create (for 127.0.0.1 at 2010-08-26 16:17:09) [POST]
  Parameters: {"user"=>{"name"=>"else", "password"=>"else_pass", "user_name"=>"elselawr"}, "commit"=>"Create", "authenticity_token"=>"I3hXb2Afnkjmp6rT5ahnTYVOzD92PzYqrAKT5OnmNoc="}
  [4;36;1mUser Columns (4.0ms)[0m   [0;1mSHOW FIELDS FROM `users`[0m
  [4;35;1mSQL (0.0ms)[0m   [0mBEGIN[0m
  [4;36;1mUser Create (0.0ms)[0m   [0;1mINSERT INTO `users` (`name`, `mail_url`, `last_login_at`, `updated_at`, `banking_url`, `map_center`, `authority`, `user_name`, `password`, `born_on`, `created_at`) VALUES('else', NULL, NULL, '2010-08-26 23:17:09', NULL, NULL, NULL, 'elselawr', 'else_pass', NULL, '2010-08-26 23:17:09')[0m
  [4;35;1mSQL (1.0ms)[0m   [0mCOMMIT[0m
Redirected to http://localhost:3000/users
Completed in 16ms (DB: 5) | 302 Found [http://localhost/users]
  [4;36;1mSQL (0.0ms)[0m   [0;1mSET NAMES 'utf8'[0m
  [4;35;1mSQL (1.0ms)[0m   [0mSET SQL_AUTO_IS_NULL=0[0m


Processing UsersController#index (for 127.0.0.1 at 2010-08-26 16:17:09) [GET]
  [4;36;1mUser Load (0.0ms)[0m   [0;1mSELECT * FROM `users` [0m
Rendering template within layouts/users
Rendering users/index
  [4;35;1mUser Columns (2.0ms)[0m   [0mSHOW FIELDS FROM `users`[0m
Completed in 20ms (View: 12, DB: 3) | 200 OK [http://localhost/users]
  [4;36;1mSQL (0.0ms)[0m   [0;1mSET NAMES 'utf8'[0m
  [4;35;1mSQL (0.0ms)[0m   [0mSET SQL_AUTO_IS_NULL=0[0m


Processing UsersController#edit (for 127.0.0.1 at 2010-08-26 16:18:27) [GET]
  Parameters: {"id"=>"4"}
  [4;36;1mUser Columns (3.0ms)[0m   [0;1mSHOW FIELDS FROM `users`[0m
  [4;35;1mUser Load (1.0ms)[0m   [0mSELECT * FROM `users` WHERE (`users`.`id` = 4) [0m
Rendering template within layouts/users
Rendering users/edit
Completed in 19ms (View: 9, DB: 4) | 200 OK [http://localhost/users/4/edit]
  [4;36;1mSQL (0.0ms)[0m   [0;1mSET NAMES 'utf8'[0m
  [4;35;1mSQL (1.0ms)[0m   [0mSET SQL_AUTO_IS_NULL=0[0m


Processing UsersController#new (for 127.0.0.1 at 2010-08-26 16:19:00) [GET]
  [4;36;1mUser Columns (3.0ms)[0m   [0;1mSHOW FIELDS FROM `users`[0m
Rendering template within layouts/users
Rendering users/new
Completed in 21ms (View: 10, DB: 4) | 200 OK [http://localhost/users/new]
